<?xml version="1.0"?><coverage lines-covered="1370" lines-valid="7887" line-rate="0.17370356282490174" branches-covered="0" branches-valid="0" branch-rate="0" complexity="0" version="1.9" timestamp="1749339500"><sources><source>C:\Code\RustPods</source></sources><packages><package name="src\airpods" line-rate="0.5763239875389408" branch-rate="0" complexity="0"><classes><class name="battery" filename="src\airpods\battery.rs" line-rate="0" branch-rate="0" complexity="0"><methods/><lines><line number="27" hits="0"/><line number="28" hits="0"/><line number="32" hits="0"/><line number="33" hits="0"/><line number="36" hits="0"/><line number="37" hits="0"/><line number="38" hits="0"/><line number="39" hits="0"/><line number="41" hits="0"/><line number="42" hits="0"/><line number="43" hits="0"/><line number="46" hits="0"/><line number="49" hits="0"/><line number="50" hits="0"/><line number="51" hits="0"/><line number="52" hits="0"/><line number="53" hits="0"/><line number="54" hits="0"/><line number="55" hits="0"/><line number="56" hits="0"/><line number="57" hits="0"/><line number="58" hits="0"/><line number="59" hits="0"/></lines></class><class name="detector" filename="src\airpods\detector.rs" line-rate="0.6095238095238096" branch-rate="0" complexity="0"><methods/><lines><line number="17" hits="0"/><line number="18" hits="0"/><line number="24" hits="0"/><line number="26" hits="0"/><line number="31" hits="0"/><line number="33" hits="0"/><line number="34" hits="0"/><line number="35" hits="0"/><line number="40" hits="0"/><line number="44" hits="0"/><line number="45" hits="0"/><line number="46" hits="0"/><line number="93" hits="13690942867206307840"/><line number="107" hits="13690942867206307840"/><line number="114" hits="648518346341351424"/><line number="116" hits="648518346341351424"/><line number="121" hits="648518346341351424"/><line number="138" hits="0"/><line number="139" hits="0"/><line number="143" hits="0"/><line number="144" hits="0"/><line number="145" hits="0"/><line number="150" hits="0"/><line number="151" hits="0"/><line number="155" hits="0"/><line number="162" hits="504403158265495552"/><line number="164" hits="504403158265495552"/><line number="168" hits="0"/><line number="172" hits="0"/><line number="176" hits="16717361816799281152"/><line number="178" hits="16717361816799281152"/><line number="179" hits="16717361816799281152"/><line number="180" hits="14987979559889010688"/><line number="181" hits="16717361816799281152"/><line number="184" hits="13546827679130451968"/><line number="185" hits="15276209936040722432"/><line number="188" hits="1441151880758558720"/><line number="190" hits="360287970189639680"/><line number="192" hits="1080863910568919040"/><line number="197" hits="10520408729537478656"/><line number="198" hits="14051230837395947520"/><line number="199" hits="14051230837395947520"/><line number="201" hits="360287970189639680"/><line number="203" hits="0"/><line number="205" hits="1224979098644774912"/><line number="207" hits="1224979098644774912"/><line number="208" hits="1224979098644774912"/><line number="209" hits="1224979098644774912"/><line number="212" hits="1224979098644774912"/><line number="213" hits="1224979098644774912"/><line number="219" hits="0"/><line number="220" hits="11961560610296037376"/><line number="221" hits="1729382256910270464"/><line number="224" hits="1729382256910270464"/><line number="225" hits="0"/><line number="231" hits="1729382256910270464"/><line number="237" hits="0"/><line number="238" hits="0"/><line number="239" hits="0"/><line number="240" hits="0"/><line number="241" hits="0"/><line number="242" hits="0"/><line number="245" hits="0"/><line number="249" hits="7926335344172072959"/><line number="251" hits="7926335344172072959"/><line number="252" hits="7926335344172072959"/><line number="253" hits="7926335344172072959"/><line number="255" hits="14627691589699371006"/><line number="256" hits="0"/><line number="260" hits="7926335344172072959"/><line number="261" hits="4035225266123964416"/><line number="262" hits="4035225266123964416"/><line number="263" hits="4035225266123964416"/><line number="268" hits="0"/><line number="269" hits="7349874591868649472"/><line number="271" hits="14339461213547659264"/><line number="272" hits="6485183463413514240"/><line number="273" hits="504403158265495552"/><line number="275" hits="6485183463413514240"/><line number="279" hits="360287970189639680"/><line number="282" hits="8286623314361712640"/><line number="283" hits="4107282860161892352"/><line number="284" hits="14555633995661443072"/><line number="285" hits="11889503016258109440"/><line number="288" hits="6701356245527298048"/><line number="289" hits="0"/><line number="290" hits="1008806316530991104"/><line number="291" hits="1008806316530991104"/><line number="293" hits="1801439850948198400"/><line number="294" hits="0"/><line number="297" hits="1080863910568919040"/><line number="298" hits="1080863910568919040"/><line number="303" hits="0"/><line number="308" hits="1008806316530991104"/><line number="309" hits="1008806316530991104"/><line number="310" hits="288230376151711744"/><line number="311" hits="0"/><line number="313" hits="144115188075855872"/><line number="315" hits="1729382256910270464"/><line number="316" hits="0"/><line number="317" hits="1729382256910270464"/><line number="318" hits="0"/><line number="319" hits="864691128455135232"/><line number="320" hits="0"/><line number="322" hits="864691128455135232"/></lines></class><class name="filter" filename="src\airpods\filter.rs" line-rate="0.6779661016949152" branch-rate="0" complexity="0"><methods/><lines><line number="36" hits="4467570830351532032"/><line number="39" hits="4467570830351532032"/><line number="43" hits="4467570830351532032"/><line number="51" hits="4467570830351532032"/><line number="52" hits="4467570830351532032"/><line number="56" hits="2449958197289549824"/><line number="57" hits="2449958197289549824"/><line number="58" hits="2449958197289549824"/><line number="62" hits="1297036692682702848"/><line number="63" hits="1297036692682702848"/><line number="64" hits="1297036692682702848"/><line number="68" hits="144115188075855872"/><line number="69" hits="144115188075855872"/><line number="70" hits="144115188075855872"/><line number="74" hits="0"/><line number="75" hits="0"/><line number="76" hits="0"/><line number="80" hits="0"/><line number="81" hits="0"/><line number="82" hits="0"/><line number="86" hits="0"/><line number="87" hits="0"/><line number="88" hits="0"/><line number="92" hits="864691128455135232"/><line number="93" hits="864691128455135232"/><line number="94" hits="864691128455135232"/><line number="98" hits="144115188075855872"/><line number="99" hits="144115188075855872"/><line number="101" hits="144115188075855872"/><line number="103" hits="432345564227567616"/><line number="105" hits="288230376151711744"/><line number="106" hits="0"/><line number="110" hits="576460752303423488"/><line number="111" hits="288230376151711744"/><line number="112" hits="0"/><line number="113" hits="144115188075855872"/><line number="115" hits="0"/><line number="117" hits="0"/><line number="122" hits="144115188075855872"/><line number="123" hits="0"/><line number="124" hits="0"/><line number="125" hits="0"/><line number="129" hits="0"/><line number="134" hits="288230376151711744"/><line number="135" hits="0"/><line number="136" hits="0"/><line number="137" hits="0"/><line number="142" hits="288230376151711744"/><line number="143" hits="144115188075855872"/><line number="144" hits="144115188075855872"/><line number="145" hits="144115188075855872"/><line number="146" hits="0"/><line number="149" hits="0"/><line number="152" hits="0"/><line number="157" hits="144115188075855872"/><line number="158" hits="0"/><line number="159" hits="0"/><line number="160" hits="0"/><line number="163" hits="0"/><line number="168" hits="144115188075855872"/><line number="174" hits="288230376151711744"/><line number="175" hits="144115188075855872"/><line number="177" hits="0"/><line number="178" hits="0"/><line number="180" hits="0"/><line number="185" hits="144115188075855872"/><line number="186" hits="0"/><line number="189" hits="144115188075855872"/><line number="193" hits="4323455642275676160"/><line number="194" hits="4323455642275676160"/><line number="196" hits="15204152342002794496"/><line number="198" hits="10880696699727118336"/><line number="199" hits="1585267068834414592"/><line number="203" hits="144115188075855872"/><line number="204" hits="8935141660703064064"/><line number="205" hits="0"/><line number="206" hits="1152921504606846976"/><line number="208" hits="360287970189639680"/><line number="209" hits="360287970189639680"/><line number="214" hits="8070450532247928832"/><line number="215" hits="288230376151711744"/><line number="216" hits="0"/><line number="217" hits="144115188075855872"/><line number="220" hits="0"/><line number="225" hits="12321848580485677056"/><line number="226" hits="4683743612465315840"/><line number="228" hits="0"/><line number="229" hits="4539628424389459968"/><line number="230" hits="7566047373982433280"/><line number="231" hits="1513209474796486656"/><line number="234" hits="144115188075855872"/><line number="237" hits="0"/><line number="242" hits="5980780305148018688"/><line number="243" hits="3602879701896396800"/><line number="245" hits="0"/><line number="246" hits="720575940379279360"/><line number="249" hits="0"/><line number="254" hits="5260204364768739328"/><line number="260" hits="1008806316530991104"/><line number="261" hits="1008806316530991104"/><line number="262" hits="1008806316530991104"/><line number="263" hits="1008806316530991104"/><line number="264" hits="1008806316530991104"/><line number="265" hits="1008806316530991104"/><line number="266" hits="1008806316530991104"/><line number="267" hits="1008806316530991104"/><line number="268" hits="1008806316530991104"/><line number="270" hits="1008806316530991104"/><line number="274" hits="864691128455135232"/><line number="275" hits="864691128455135232"/><line number="276" hits="864691128455135232"/><line number="277" hits="864691128455135232"/><line number="281" hits="864691128455135232"/><line number="282" hits="864691128455135232"/><line number="283" hits="864691128455135232"/><line number="287" hits="864691128455135232"/><line number="288" hits="864691128455135232"/><line number="289" hits="864691128455135232"/></lines></class><class name="mod" filename="src\airpods\mod.rs" line-rate="0.5466666666666666" branch-rate="0" complexity="0"><methods/><lines><line number="50" hits="0"/><line number="51" hits="0"/><line number="53" hits="0"/><line number="54" hits="0"/><line number="55" hits="0"/><line number="57" hits="0"/><line number="59" hits="0"/><line number="60" hits="0"/><line number="61" hits="0"/><line number="62" hits="0"/><line number="63" hits="0"/><line number="64" hits="0"/><line number="65" hits="0"/><line number="67" hits="0"/><line number="70" hits="0"/><line number="92" hits="2882303761517117440"/><line number="93" hits="4683743612465315840"/><line number="97" hits="8286623314361712640"/><line number="98" hits="13690942867206307840"/><line number="102" hits="7926335344172072960"/><line number="103" hits="13330654897016668160"/><line number="107" hits="7926335344172072960"/><line number="108" hits="13690942867206307840"/><line number="129" hits="2882303761517117439"/><line number="130" hits="2882303761517117439"/><line number="131" hits="2017612633061982207"/><line number="132" hits="4467570830351532032"/><line number="133" hits="2017612633061982208"/><line number="136" hits="2449958197289549824"/><line number="141" hits="16285016252571713536"/><line number="142" hits="16285016252571713536"/><line number="143" hits="16285016252571713536"/><line number="144" hits="16285016252571713536"/><line number="148" hits="16285016252571713536"/><line number="149" hits="2594073385365405696"/><line number="150" hits="2594073385365405696"/><line number="161" hits="0"/><line number="162" hits="13690942867206307840"/><line number="164" hits="0"/><line number="165" hits="0"/><line number="169" hits="0"/><line number="170" hits="13690942867206307840"/><line number="172" hits="0"/><line number="173" hits="0"/><line number="177" hits="0"/><line number="178" hits="13690942867206307840"/><line number="180" hits="0"/><line number="181" hits="0"/><line number="185" hits="0"/><line number="186" hits="13690942867206307840"/><line number="187" hits="13690942867206307840"/><line number="188" hits="7638104968020361216"/><line number="189" hits="2161727821137838080"/><line number="190" hits="1585267068834414592"/><line number="191" hits="1080863910568919040"/><line number="192" hits="1080863910568919040"/><line number="194" hits="144115188075855872"/><line number="195" hits="144115188075855872"/><line number="199" hits="0"/><line number="200" hits="0"/><line number="204" hits="1008806316530991104"/><line number="205" hits="360287970189639680"/><line number="206" hits="360287970189639680"/><line number="210" hits="13330654897016668160"/><line number="211" hits="13330654897016668160"/><line number="212" hits="13330654897016668160"/><line number="213" hits="13330654897016668160"/><line number="214" hits="13330654897016668160"/><line number="231" hits="0"/><line number="232" hits="0"/><line number="236" hits="0"/><line number="245" hits="0"/><line number="247" hits="0"/><line number="248" hits="0"/><line number="249" hits="0"/></lines></class></classes></package><package name="src\ui\components" line-rate="0.26805143422354105" branch-rate="0" complexity="0"><classes><class name="battery_display" filename="src\ui\components\battery_display.rs" line-rate="1" branch-rate="0" complexity="0"><methods/><lines><line number="18" hits="1080863910568919040"/><line number="20" hits="3242591731706757120"/><line number="21" hits="3242591731706757120"/><line number="22" hits="2882303761517117440"/><line number="27" hits="360287970189639680"/><line number="37" hits="1441151880758558720"/><line number="38" hits="1441151880758558720"/><line number="41" hits="1441151880758558720"/><line number="44" hits="1441151880758558720"/><line number="45" hits="1441151880758558720"/><line number="46" hits="1441151880758558720"/><line number="47" hits="1441151880758558720"/><line number="51" hits="1441151880758558720"/><line number="52" hits="1441151880758558720"/><line number="53" hits="1441151880758558720"/><line number="54" hits="1441151880758558720"/><line number="56" hits="1441151880758558720"/><line number="57" hits="1441151880758558720"/><line number="61" hits="1441151880758558720"/><line number="62" hits="1441151880758558720"/><line number="63" hits="1441151880758558720"/><line number="64" hits="1441151880758558720"/><line number="66" hits="1441151880758558720"/><line number="67" hits="1441151880758558720"/><line number="71" hits="1441151880758558720"/><line number="72" hits="1441151880758558720"/><line number="73" hits="1441151880758558720"/><line number="74" hits="1441151880758558720"/><line number="76" hits="1441151880758558720"/><line number="77" hits="1441151880758558720"/><line number="80" hits="1441151880758558720"/><line number="85" hits="4323455642275676160"/><line number="86" hits="4323455642275676160"/><line number="87" hits="2882303761517117440"/><line number="88" hits="2882303761517117440"/><line number="90" hits="2882303761517117440"/><line number="91" hits="2882303761517117440"/><line number="92" hits="2882303761517117440"/><line number="95" hits="2882303761517117440"/><line number="99" hits="1441151880758558720"/></lines></class><class name="battery_icon" filename="src\ui\components\battery_icon.rs" line-rate="0.49333333333333335" branch-rate="0" complexity="0"><methods/><lines><line number="20" hits="0"/><line number="27" hits="0"/><line number="29" hits="0"/><line number="32" hits="0"/><line number="33" hits="0"/><line number="34" hits="0"/><line number="37" hits="0"/><line number="39" hits="0"/><line number="40" hits="0"/><line number="43" hits="0"/><line number="45" hits="0"/><line number="46" hits="0"/><line number="48" hits="0"/><line number="49" hits="0"/><line number="51" hits="0"/><line number="53" hits="0"/><line number="57" hits="0"/><line number="58" hits="0"/><line number="59" hits="0"/><line number="63" hits="0"/><line number="64" hits="0"/><line number="65" hits="0"/><line number="66" hits="0"/><line number="67" hits="0"/><line number="70" hits="0"/><line number="71" hits="0"/><line number="76" hits="18446744073709551615"/><line number="83" hits="18446744073709551615"/><line number="84" hits="18446744073709551615"/><line number="87" hits="18446744073709551614"/><line number="88" hits="16573246628723425500"/><line number="89" hits="18446744073709551615"/><line number="90" hits="18446744073709551615"/><line number="91" hits="18446744073709551615"/><line number="92" hits="18446744073709551615"/><line number="94" hits="5044031582654955205"/><line number="98" hits="18446744073709551615"/><line number="99" hits="18446744073709551615"/><line number="100" hits="18446744073709551615"/><line number="101" hits="18446744073709551615"/><line number="105" hits="18446744073709551615"/><line number="108" hits="18446744073709551615"/><line number="111" hits="18446744073709551615"/><line number="112" hits="18446744073709551615"/><line number="113" hits="18446744073709551615"/><line number="116" hits="18446744073709551615"/><line number="120" hits="18446744073709551615"/><line number="122" hits="18446744073709551615"/><line number="125" hits="18446744073709551615"/><line number="126" hits="18446744073709551615"/><line number="127" hits="18446744073709551615"/><line number="128" hits="18446744073709551615"/><line number="131" hits="18446744073709551615"/><line number="132" hits="18446744073709551615"/><line number="133" hits="18446744073709551615"/><line number="134" hits="18446744073709551615"/><line number="137" hits="18446744073709551615"/><line number="138" hits="18446744073709551615"/><line number="139" hits="18446744073709551615"/><line number="140" hits="18446744073709551615"/><line number="141" hits="18446744073709551615"/><line number="142" hits="18446744073709551615"/><line number="144" hits="18446744073709551615"/><line number="148" hits="18446744073709551615"/><line number="150" hits="18446744073709551615"/><line number="151" hits="18446744073709551615"/><line number="156" hits="18446744073709551615"/><line number="157" hits="18446744073709551615"/><line number="159" hits="18446744073709551615"/><line number="163" hits="18446744073709551615"/><line number="164" hits="18446744073709551615"/><line number="166" hits="18446744073709551615"/><line number="170" hits="18446744073709551614"/><line number="171" hits="18446744073709551615"/><line number="172" hits="18446744073709551615"/><line number="174" hits="18446744073709551615"/><line number="175" hits="18446744073709551615"/><line number="176" hits="18446744073709551615"/><line number="177" hits="18446744073709551615"/><line number="178" hits="18446744073709551615"/><line number="183" hits="16573246628723425494"/><line number="185" hits="16573246628723425495"/><line number="186" hits="16573246628723425495"/><line number="188" hits="16573246628723425495"/><line number="192" hits="18446744073709551615"/><line number="193" hits="18446744073709551615"/><line number="197" hits="90"/><line number="204" hits="90"/><line number="207" hits="180"/><line number="208" hits="0"/><line number="209" hits="90"/><line number="212" hits="90"/><line number="213" hits="90"/><line number="214" hits="90"/><line number="218" hits="90"/><line number="219" hits="90"/><line number="220" hits="90"/><line number="221" hits="90"/><line number="222" hits="90"/><line number="224" hits="90"/><line number="225" hits="90"/><line number="233" hits="0"/><line number="234" hits="0"/><line number="236" hits="0"/><line number="237" hits="0"/><line number="239" hits="0"/><line number="240" hits="0"/><line number="241" hits="0"/><line number="245" hits="0"/><line number="246" hits="0"/><line number="247" hits="0"/><line number="250" hits="0"/><line number="251" hits="0"/><line number="252" hits="0"/><line number="253" hits="0"/><line number="254" hits="0"/><line number="256" hits="0"/><line number="259" hits="0"/><line number="264" hits="0"/><line number="266" hits="0"/><line number="267" hits="0"/><line number="268" hits="0"/><line number="269" hits="0"/><line number="270" hits="0"/><line number="271" hits="0"/><line number="272" hits="0"/><line number="274" hits="0"/><line number="277" hits="0"/><line number="282" hits="0"/><line number="284" hits="0"/><line number="285" hits="0"/><line number="286" hits="0"/><line number="287" hits="0"/><line number="288" hits="0"/><line number="294" hits="0"/><line number="295" hits="0"/><line number="296" hits="0"/><line number="297" hits="0"/><line number="298" hits="0"/><line number="299" hits="0"/><line number="300" hits="0"/><line number="301" hits="0"/><line number="303" hits="0"/><line number="306" hits="0"/><line number="311" hits="0"/><line number="312" hits="0"/><line number="313" hits="0"/><line number="316" hits="0"/><line number="317" hits="0"/><line number="318" hits="0"/></lines></class><class name="connection_status" filename="src\ui\components\connection_status.rs" line-rate="0" branch-rate="0" complexity="0"><methods/><lines><line number="25" hits="0"/><line number="34" hits="0"/><line number="35" hits="0"/><line number="36" hits="0"/><line number="40" hits="0"/><line number="41" hits="0"/><line number="42" hits="0"/><line number="43" hits="0"/><line number="44" hits="0"/><line number="46" hits="0"/><line number="51" hits="0"/><line number="52" hits="0"/><line number="54" hits="0"/><line number="55" hits="0"/><line number="57" hits="0"/><line number="58" hits="0"/><line number="59" hits="0"/><line number="63" hits="0"/><line number="64" hits="0"/><line number="65" hits="0"/><line number="68" hits="0"/><line number="69" hits="0"/><line number="71" hits="0"/><line number="76" hits="0"/><line number="78" hits="0"/><line number="80" hits="0"/><line number="82" hits="0"/><line number="83" hits="0"/><line number="85" hits="0"/><line number="89" hits="0"/><line number="91" hits="0"/><line number="92" hits="0"/><line number="93" hits="0"/><line number="95" hits="0"/><line number="96" hits="0"/><line number="97" hits="0"/><line number="98" hits="0"/><line number="99" hits="0"/><line number="100" hits="0"/><line number="101" hits="0"/><line number="104" hits="0"/><line number="105" hits="0"/><line number="112" hits="0"/><line number="113" hits="0"/><line number="114" hits="0"/><line number="117" hits="0"/><line number="120" hits="0"/><line number="121" hits="0"/><line number="125" hits="0"/><line number="127" hits="0"/><line number="128" hits="0"/><line number="129" hits="0"/><line number="131" hits="0"/><line number="132" hits="0"/><line number="135" hits="0"/><line number="137" hits="0"/><line number="141" hits="0"/><line number="142" hits="0"/><line number="143" hits="0"/><line number="147" hits="0"/><line number="148" hits="0"/><line number="149" hits="0"/><line number="150" hits="0"/><line number="151" hits="0"/><line number="153" hits="0"/><line number="154" hits="0"/><line number="156" hits="0"/><line number="157" hits="0"/><line number="158" hits="0"/><line number="159" hits="0"/><line number="160" hits="0"/><line number="161" hits="0"/><line number="162" hits="0"/></lines></class><class name="connection_status_wrapper" filename="src\ui\components\connection_status_wrapper.rs" line-rate="0" branch-rate="0" complexity="0"><methods/><lines><line number="23" hits="0"/><line number="32" hits="0"/><line number="33" hits="0"/><line number="34" hits="0"/><line number="38" hits="0"/><line number="40" hits="0"/><line number="41" hits="0"/><line number="42" hits="0"/><line number="47" hits="0"/><line number="48" hits="0"/><line number="49" hits="0"/><line number="50" hits="0"/><line number="54" hits="0"/><line number="55" hits="0"/><line number="56" hits="0"/><line number="58" hits="0"/><line number="60" hits="0"/><line number="64" hits="0"/><line number="69" hits="0"/><line number="72" hits="0"/><line number="74" hits="0"/><line number="75" hits="0"/><line number="77" hits="0"/><line number="81" hits="0"/><line number="82" hits="0"/><line number="83" hits="0"/><line number="85" hits="0"/><line number="86" hits="0"/><line number="87" hits="0"/><line number="88" hits="0"/><line number="89" hits="0"/><line number="90" hits="0"/><line number="91" hits="0"/><line number="94" hits="0"/><line number="95" hits="0"/><line number="99" hits="0"/><line number="100" hits="0"/><line number="104" hits="0"/><line number="106" hits="0"/><line number="107" hits="0"/><line number="108" hits="0"/><line number="110" hits="0"/><line number="111" hits="0"/><line number="114" hits="0"/><line number="116" hits="0"/><line number="120" hits="0"/><line number="121" hits="0"/><line number="122" hits="0"/><line number="126" hits="0"/><line number="127" hits="0"/><line number="128" hits="0"/><line number="129" hits="0"/><line number="130" hits="0"/><line number="132" hits="0"/><line number="133" hits="0"/><line number="135" hits="0"/><line number="136" hits="0"/><line number="137" hits="0"/><line number="138" hits="0"/><line number="139" hits="0"/><line number="140" hits="0"/><line number="141" hits="0"/><line number="142" hits="0"/><line number="151" hits="0"/><line number="152" hits="0"/><line number="158" hits="0"/><line number="159" hits="0"/></lines></class><class name="context_menu" filename="src\ui\components\context_menu.rs" line-rate="0" branch-rate="0" complexity="0"><methods/><lines><line number="29" hits="0"/><line number="31" hits="0"/><line number="32" hits="0"/><line number="40" hits="0"/><line number="41" hits="0"/><line number="42" hits="0"/><line number="46" hits="0"/><line number="47" hits="0"/><line number="48" hits="0"/><line number="52" hits="0"/><line number="54" hits="0"/><line number="55" hits="0"/><line number="79" hits="0"/><line number="81" hits="0"/><line number="82" hits="0"/><line number="92" hits="0"/><line number="93" hits="0"/><line number="97" hits="0"/><line number="98" hits="0"/><line number="102" hits="0"/><line number="103" hits="0"/><line number="107" hits="0"/><line number="108" hits="0"/><line number="112" hits="0"/><line number="113" hits="0"/><line number="117" hits="0"/><line number="118" hits="0"/><line number="122" hits="0"/><line number="123" hits="0"/><line number="127" hits="0"/><line number="128" hits="0"/><line number="130" hits="0"/><line number="131" hits="0"/><line number="132" hits="0"/><line number="133" hits="0"/><line number="134" hits="0"/><line number="135" hits="0"/><line number="136" hits="0"/><line number="138" hits="0"/><line number="142" hits="0"/><line number="143" hits="0"/><line number="145" hits="0"/><line number="146" hits="0"/><line number="148" hits="0"/><line number="149" hits="0"/><line number="150" hits="0"/><line number="154" hits="0"/><line number="156" hits="0"/><line number="157" hits="0"/><line number="158" hits="0"/><line number="160" hits="0"/><line number="163" hits="0"/><line number="164" hits="0"/><line number="165" hits="0"/><line number="167" hits="0"/><line number="168" hits="0"/><line number="170" hits="0"/><line number="175" hits="0"/><line number="176" hits="0"/><line number="178" hits="0"/><line number="180" hits="0"/><line number="184" hits="0"/><line number="185" hits="0"/><line number="186" hits="0"/><line number="190" hits="0"/><line number="191" hits="0"/><line number="192" hits="0"/><line number="194" hits="0"/><line number="197" hits="0"/><line number="202" hits="0"/><line number="203" hits="0"/><line number="205" hits="0"/><line number="208" hits="0"/><line number="210" hits="0"/><line number="212" hits="0"/><line number="213" hits="0"/><line number="217" hits="0"/><line number="218" hits="0"/><line number="220" hits="0"/><line number="223" hits="0"/><line number="224" hits="0"/><line number="225" hits="0"/><line number="226" hits="0"/><line number="227" hits="0"/><line number="228" hits="0"/></lines></class><class name="device_list" filename="src\ui\components\device_list.rs" line-rate="0.5384615384615384" branch-rate="0" complexity="0"><methods/><lines><line number="18" hits="360287970189639680"/><line number="24" hits="360287970189639680"/><line number="26" hits="360287970189639680"/><line number="29" hits="360287970189639680"/><line number="32" hits="360287970189639680"/><line number="33" hits="360287970189639680"/><line number="34" hits="360287970189639680"/><line number="35" hits="360287970189639680"/><line number="36" hits="360287970189639680"/><line number="38" hits="360287970189639680"/><line number="39" hits="360287970189639680"/><line number="43" hits="360287970189639680"/><line number="44" hits="720575940379279360"/><line number="45" hits="360287970189639680"/><line number="46" hits="360287970189639680"/><line number="47" hits="360287970189639680"/><line number="51" hits="1801439850948198400"/><line number="52" hits="0"/><line number="55" hits="0"/><line number="56" hits="0"/><line number="58" hits="0"/><line number="60" hits="0"/><line number="61" hits="0"/><line number="63" hits="720575940379279360"/><line number="66" hits="720575940379279360"/><line number="69" hits="0"/><line number="70" hits="0"/><line number="71" hits="0"/><line number="72" hits="0"/><line number="74" hits="0"/><line number="76" hits="0"/><line number="77" hits="0"/><line number="80" hits="0"/><line number="82" hits="0"/><line number="86" hits="360287970189639680"/><line number="87" hits="0"/><line number="88" hits="0"/><line number="89" hits="0"/><line number="94" hits="360287970189639680"/></lines></class><class name="header" filename="src\ui\components\header.rs" line-rate="1" branch-rate="0" complexity="0"><methods/><lines><line number="12" hits="360287970189639680"/><line number="13" hits="360287970189639680"/><line number="18" hits="360287970189639680"/><line number="19" hits="360287970189639680"/><line number="21" hits="360287970189639680"/><line number="23" hits="360287970189639680"/><line number="24" hits="360287970189639680"/><line number="28" hits="360287970189639680"/><line number="30" hits="360287970189639680"/><line number="31" hits="360287970189639680"/></lines></class><class name="real_time_battery_display" filename="src\ui\components\real_time_battery_display.rs" line-rate="0.5727272727272728" branch-rate="0" complexity="0"><methods/><lines><line number="40" hits="432345564227567616"/><line number="55" hits="1801439850948198400"/><line number="59" hits="1801439850948198400"/><line number="68" hits="432345564227567616"/><line number="69" hits="432345564227567616"/><line number="70" hits="432345564227567616"/><line number="74" hits="936748722493063168"/><line number="76" hits="1585267068834414592"/><line number="77" hits="0"/><line number="78" hits="0"/><line number="79" hits="0"/><line number="80" hits="0"/><line number="81" hits="0"/><line number="85" hits="936748722493063168"/><line number="86" hits="936748722493063168"/><line number="87" hits="936748722493063168"/><line number="91" hits="72057594037927936"/><line number="92" hits="72057594037927936"/><line number="93" hits="72057594037927936"/><line number="97" hits="72057594037927936"/><line number="98" hits="72057594037927936"/><line number="99" hits="72057594037927936"/><line number="103" hits="72057594037927936"/><line number="104" hits="72057594037927936"/><line number="105" hits="72057594037927936"/><line number="109" hits="72057594037927936"/><line number="110" hits="72057594037927936"/><line number="114" hits="1945555039024054272"/><line number="115" hits="1945555039024054272"/><line number="116" hits="648518346341351424"/><line number="117" hits="648518346341351424"/><line number="118" hits="648518346341351424"/><line number="119" hits="648518346341351424"/><line number="121" hits="1080863910568919040"/><line number="123" hits="1080863910568919040"/><line number="124" hits="1080863910568919040"/><line number="126" hits="216172782113783808"/><line number="133" hits="720575940379279360"/><line number="137" hits="1441151880758558720"/><line number="139" hits="0"/><line number="140" hits="576460752303423488"/><line number="141" hits="72057594037927936"/><line number="142" hits="0"/><line number="143" hits="72057594037927936"/><line number="148" hits="648518346341351424"/><line number="149" hits="648518346341351424"/><line number="152" hits="648518346341351424"/><line number="153" hits="648518346341351424"/><line number="155" hits="648518346341351424"/><line number="159" hits="72057594037927936"/><line number="165" hits="792633534417207296"/><line number="166" hits="792633534417207296"/><line number="167" hits="792633534417207296"/><line number="169" hits="792633534417207296"/><line number="170" hits="720575940379279360"/><line number="172" hits="72057594037927936"/><line number="177" hits="360287970189639680"/><line number="178" hits="2161727821137838080"/><line number="179" hits="1801439850948198400"/><line number="180" hits="1801439850948198400"/><line number="182" hits="1801439850948198400"/><line number="183" hits="1441151880758558720"/><line number="184" hits="360287970189639680"/><line number="185" hits="360287970189639680"/><line number="187" hits="0"/><line number="188" hits="0"/><line number="189" hits="0"/><line number="190" hits="0"/><line number="197" hits="432345564227567616"/><line number="198" hits="432345564227567616"/><line number="199" hits="432345564227567616"/><line number="203" hits="1729382256910270464"/><line number="204" hits="1080863910568919040"/><line number="205" hits="432345564227567616"/><line number="206" hits="1080863910568919040"/><line number="207" hits="144115188075855872"/><line number="208" hits="1008806316530991104"/><line number="209" hits="216172782113783808"/><line number="214" hits="1729382256910270464"/><line number="222" hits="1729382256910270464"/><line number="225" hits="1729382256910270464"/><line number="228" hits="5188146770730811392"/><line number="230" hits="3458764513820540928"/><line number="231" hits="1513209474796486656"/><line number="232" hits="216172782113783808"/><line number="235" hits="1729382256910270464"/><line number="238" hits="1729382256910270464"/><line number="241" hits="3458764513820540928"/><line number="242" hits="432345564227567616"/><line number="244" hits="1297036692682702848"/><line number="247" hits="1729382256910270464"/><line number="248" hits="1729382256910270464"/><line number="249" hits="1729382256910270464"/><line number="250" hits="1729382256910270464"/><line number="251" hits="1729382256910270464"/><line number="252" hits="1729382256910270464"/><line number="253" hits="1729382256910270464"/><line number="254" hits="1729382256910270464"/><line number="257" hits="1729382256910270464"/><line number="258" hits="1729382256910270464"/><line number="264" hits="576460752303423488"/><line number="265" hits="1152921504606846976"/><line number="266" hits="2882303761517117440"/><line number="268" hits="2522015791327477760"/><line number="269" hits="3098476543630901248"/><line number="270" hits="3098476543630901248"/><line number="272" hits="0"/><line number="273" hits="360287970189639680"/><line number="274" hits="216172782113783808"/><line number="275" hits="0"/><line number="277" hits="216172782113783808"/><line number="281" hits="504403158265495552"/><line number="282" hits="0"/><line number="284" hits="72057594037927936"/><line number="288" hits="0"/><line number="289" hits="360287970189639680"/><line number="290" hits="2522015791327477760"/><line number="293" hits="216172782113783808"/><line number="296" hits="0"/><line number="298" hits="0"/><line number="300" hits="0"/><line number="301" hits="0"/><line number="304" hits="0"/><line number="306" hits="0"/><line number="307" hits="0"/><line number="313" hits="0"/><line number="314" hits="0"/><line number="316" hits="0"/><line number="318" hits="0"/><line number="321" hits="0"/><line number="322" hits="0"/><line number="323" hits="0"/><line number="324" hits="0"/><line number="325" hits="0"/><line number="328" hits="0"/><line number="330" hits="0"/><line number="331" hits="0"/><line number="334" hits="0"/><line number="335" hits="0"/><line number="336" hits="0"/><line number="337" hits="0"/><line number="338" hits="0"/><line number="341" hits="0"/><line number="342" hits="0"/><line number="343" hits="0"/><line number="344" hits="0"/><line number="345" hits="0"/><line number="348" hits="0"/><line number="349" hits="0"/><line number="350" hits="0"/><line number="351" hits="0"/><line number="352" hits="0"/><line number="356" hits="0"/><line number="357" hits="0"/><line number="360" hits="0"/><line number="361" hits="0"/><line number="362" hits="0"/><line number="363" hits="0"/><line number="364" hits="0"/><line number="365" hits="0"/><line number="367" hits="0"/><line number="368" hits="0"/><line number="372" hits="0"/><line number="374" hits="0"/><line number="379" hits="0"/><line number="381" hits="0"/><line number="382" hits="0"/><line number="383" hits="0"/><line number="384" hits="0"/><line number="385" hits="0"/><line number="386" hits="0"/><line number="387" hits="0"/><line number="388" hits="0"/><line number="389" hits="0"/><line number="390" hits="0"/><line number="392" hits="0"/><line number="393" hits="0"/><line number="395" hits="0"/><line number="396" hits="0"/><line number="399" hits="0"/><line number="405" hits="792633534417207296"/><line number="406" hits="792633534417207296"/><line number="408" hits="792633534417207296"/><line number="411" hits="792633534417207296"/><line number="412" hits="792633534417207296"/><line number="413" hits="792633534417207296"/><line number="414" hits="792633534417207296"/><line number="415" hits="792633534417207296"/><line number="418" hits="1369094286720630784"/><line number="420" hits="0"/><line number="421" hits="0"/><line number="424" hits="0"/><line number="425" hits="0"/><line number="426" hits="0"/><line number="427" hits="0"/><line number="428" hits="2882303761517117440"/><line number="431" hits="0"/><line number="432" hits="0"/><line number="433" hits="0"/><line number="434" hits="0"/><line number="435" hits="2882303761517117440"/><line number="438" hits="0"/><line number="439" hits="0"/><line number="440" hits="0"/><line number="441" hits="0"/><line number="442" hits="2882303761517117440"/><line number="446" hits="0"/><line number="449" hits="216172782113783808"/><line number="450" hits="216172782113783808"/><line number="451" hits="216172782113783808"/><line number="452" hits="216172782113783808"/><line number="453" hits="216172782113783808"/><line number="454" hits="216172782113783808"/><line number="456" hits="216172782113783808"/><line number="457" hits="216172782113783808"/><line number="461" hits="792633534417207296"/><line number="462" hits="0"/><line number="464" hits="0"/><line number="467" hits="792633534417207296"/><line number="469" hits="792633534417207296"/></lines></class><class name="refresh_button" filename="src\ui\components\refresh_button.rs" line-rate="0" branch-rate="0" complexity="0"><methods/><lines><line number="21" hits="0"/><line number="30" hits="0"/><line number="31" hits="0"/><line number="32" hits="0"/><line number="36" hits="0"/><line number="37" hits="0"/><line number="38" hits="0"/><line number="42" hits="0"/><line number="43" hits="0"/><line number="44" hits="0"/><line number="48" hits="0"/><line number="56" hits="0"/><line number="57" hits="0"/><line number="58" hits="0"/><line number="60" hits="0"/><line number="62" hits="0"/><line number="63" hits="0"/><line number="65" hits="0"/><line number="69" hits="0"/><line number="70" hits="0"/><line number="71" hits="0"/><line number="72" hits="0"/><line number="74" hits="0"/><line number="75" hits="0"/><line number="76" hits="0"/><line number="78" hits="0"/><line number="79" hits="0"/><line number="81" hits="0"/><line number="85" hits="0"/><line number="86" hits="0"/><line number="88" hits="0"/><line number="94" hits="0"/><line number="95" hits="0"/></lines></class><class name="settings_view" filename="src\ui\components\settings_view.rs" line-rate="0" branch-rate="0" complexity="0"><methods/><lines><line number="18" hits="0"/><line number="23" hits="0"/><line number="24" hits="0"/><line number="28" hits="0"/><line number="29" hits="0"/><line number="30" hits="0"/><line number="31" hits="0"/><line number="35" hits="0"/><line number="36" hits="0"/><line number="37" hits="0"/><line number="38" hits="0"/><line number="39" hits="0"/><line number="41" hits="0"/><line number="42" hits="0"/><line number="44" hits="0"/><line number="45" hits="0"/><line number="47" hits="0"/><line number="48" hits="0"/><line number="50" hits="0"/><line number="51" hits="0"/><line number="53" hits="0"/><line number="54" hits="0"/><line number="56" hits="0"/><line number="57" hits="0"/><line number="63" hits="0"/><line number="64" hits="0"/><line number="66" hits="0"/><line number="69" hits="0"/><line number="70" hits="0"/><line number="72" hits="0"/><line number="73" hits="0"/><line number="75" hits="0"/><line number="76" hits="0"/><line number="77" hits="0"/><line number="80" hits="0"/><line number="82" hits="0"/><line number="83" hits="0"/><line number="86" hits="0"/><line number="87" hits="0"/><line number="89" hits="0"/><line number="91" hits="0"/><line number="92" hits="0"/><line number="93" hits="0"/><line number="94" hits="0"/><line number="95" hits="0"/><line number="96" hits="0"/><line number="97" hits="0"/><line number="98" hits="0"/><line number="101" hits="0"/><line number="103" hits="0"/><line number="106" hits="0"/><line number="107" hits="0"/><line number="109" hits="0"/><line number="111" hits="0"/><line number="112" hits="0"/><line number="113" hits="0"/><line number="114" hits="0"/><line number="115" hits="0"/><line number="116" hits="0"/><line number="117" hits="0"/><line number="118" hits="0"/><line number="121" hits="0"/><line number="123" hits="0"/><line number="126" hits="0"/><line number="127" hits="0"/><line number="129" hits="0"/><line number="131" hits="0"/><line number="132" hits="0"/><line number="133" hits="0"/><line number="134" hits="0"/><line number="135" hits="0"/><line number="136" hits="0"/><line number="137" hits="0"/><line number="138" hits="0"/><line number="141" hits="0"/><line number="143" hits="0"/><line number="146" hits="0"/><line number="148" hits="0"/><line number="149" hits="0"/><line number="150" hits="0"/><line number="151" hits="0"/><line number="152" hits="0"/><line number="157" hits="0"/><line number="158" hits="0"/><line number="160" hits="0"/><line number="164" hits="0"/><line number="165" hits="0"/><line number="168" hits="0"/><line number="170" hits="0"/><line number="173" hits="0"/><line number="174" hits="0"/><line number="175" hits="0"/><line number="176" hits="0"/><line number="177" hits="0"/><line number="178" hits="0"/><line number="180" hits="0"/><line number="185" hits="0"/><line number="186" hits="0"/><line number="188" hits="0"/><line number="192" hits="0"/><line number="193" hits="0"/><line number="198" hits="0"/><line number="199" hits="0"/><line number="203" hits="0"/><line number="204" hits="0"/><line number="205" hits="0"/><line number="206" hits="0"/><line number="207" hits="0"/><line number="209" hits="0"/><line number="211" hits="0"/><line number="213" hits="0"/><line number="215" hits="0"/><line number="216" hits="0"/><line number="217" hits="0"/><line number="218" hits="0"/><line number="220" hits="0"/><line number="225" hits="0"/><line number="226" hits="0"/><line number="235" hits="0"/><line number="236" hits="0"/><line number="237" hits="0"/><line number="238" hits="0"/><line number="239" hits="0"/><line number="240" hits="0"/><line number="241" hits="0"/><line number="242" hits="0"/><line number="243" hits="0"/><line number="245" hits="0"/></lines></class><class name="svg_icons" filename="src\ui\components\svg_icons.rs" line-rate="0" branch-rate="0" complexity="0"><methods/><lines><line number="11" hits="0"/><line number="13" hits="0"/><line number="14" hits="0"/><line number="16" hits="0"/><line number="19" hits="0"/><line number="22" hits="0"/><line number="23" hits="0"/><line number="28" hits="0"/><line number="29" hits="0"/><line number="30" hits="0"/><line number="32" hits="0"/><line number="37" hits="0"/><line number="38" hits="0"/><line number="44" hits="0"/><line number="45" hits="0"/><line number="49" hits="0"/><line number="50" hits="0"/><line number="51" hits="0"/><line number="57" hits="0"/><line number="58" hits="0"/><line number="68" hits="0"/><line number="70" hits="0"/><line number="73" hits="0"/><line number="74" hits="0"/><line number="75" hits="0"/><line number="76" hits="0"/><line number="78" hits="0"/><line number="80" hits="0"/><line number="81" hits="0"/><line number="83" hits="0"/><line number="84" hits="0"/><line number="85" hits="0"/><line number="90" hits="0"/><line number="91" hits="0"/><line number="96" hits="0"/><line number="97" hits="0"/><line number="102" hits="0"/><line number="103" hits="0"/><line number="104" hits="0"/><line number="106" hits="0"/><line number="107" hits="0"/><line number="108" hits="0"/><line number="109" hits="0"/><line number="114" hits="0"/><line number="115" hits="0"/><line number="116" hits="0"/><line number="121" hits="0"/><line number="122" hits="0"/><line number="126" hits="0"/><line number="127" hits="0"/><line number="128" hits="0"/><line number="129" hits="0"/><line number="130" hits="0"/><line number="131" hits="0"/><line number="133" hits="0"/><line number="134" hits="0"/><line number="135" hits="0"/><line number="136" hits="0"/><line number="137" hits="0"/><line number="138" hits="0"/><line number="142" hits="0"/><line number="143" hits="0"/><line number="145" hits="0"/><line number="147" hits="0"/><line number="149" hits="0"/><line number="151" hits="0"/><line number="153" hits="0"/><line number="154" hits="0"/><line number="155" hits="0"/></lines></class></classes></package><package name="tests\ui\components" line-rate="0" branch-rate="0" complexity="0"><classes></classes></package><package name="src\bin" line-rate="0" branch-rate="0" complexity="0"><classes><class name="edge_case_test" filename="src\bin\edge_case_test.rs" line-rate="0" branch-rate="0" complexity="0"><methods/><lines><line number="34" hits="0"/><line number="36" hits="0"/><line number="38" hits="0"/><line number="39" hits="0"/><line number="40" hits="0"/><line number="41" hits="0"/><line number="44" hits="0"/><line number="45" hits="0"/><line number="46" hits="0"/><line number="47" hits="0"/><line number="48" hits="0"/><line number="49" hits="0"/><line number="50" hits="0"/><line number="51" hits="0"/><line number="55" hits="0"/><line number="56" hits="0"/><line number="57" hits="0"/><line number="58" hits="0"/><line number="59" hits="0"/><line number="60" hits="0"/><line number="61" hits="0"/><line number="62" hits="0"/><line number="66" hits="0"/><line number="67" hits="0"/><line number="68" hits="0"/><line number="69" hits="0"/><line number="70" hits="0"/><line number="71" hits="0"/><line number="72" hits="0"/><line number="73" hits="0"/><line number="77" hits="0"/><line number="78" hits="0"/><line number="79" hits="0"/><line number="80" hits="0"/><line number="81" hits="0"/><line number="82" hits="0"/><line number="83" hits="0"/><line number="84" hits="0"/><line number="90" hits="0"/><line number="91" hits="0"/><line number="92" hits="0"/><line number="94" hits="0"/><line number="98" hits="0"/><line number="99" hits="0"/><line number="102" hits="0"/><line number="103" hits="0"/><line number="106" hits="0"/><line number="108" hits="0"/><line number="110" hits="0"/><line number="111" hits="0"/><line number="113" hits="0"/><line number="115" hits="0"/><line number="116" hits="0"/><line number="120" hits="0"/><line number="121" hits="0"/><line number="122" hits="0"/><line number="123" hits="0"/><line number="124" hits="0"/><line number="126" hits="0"/><line number="127" hits="0"/><line number="128" hits="0"/><line number="130" hits="0"/><line number="131" hits="0"/><line number="132" hits="0"/><line number="134" hits="0"/><line number="135" hits="0"/><line number="136" hits="0"/><line number="137" hits="0"/><line number="138" hits="0"/><line number="139" hits="0"/><line number="141" hits="0"/><line number="142" hits="0"/><line number="143" hits="0"/><line number="144" hits="0"/><line number="145" hits="0"/><line number="146" hits="0"/><line number="148" hits="0"/><line number="149" hits="0"/><line number="150" hits="0"/><line number="151" hits="0"/><line number="152" hits="0"/><line number="153" hits="0"/><line number="155" hits="0"/><line number="156" hits="0"/><line number="158" hits="0"/><line number="162" hits="0"/><line number="163" hits="0"/><line number="164" hits="0"/><line number="165" hits="0"/><line number="166" hits="0"/><line number="168" hits="0"/><line number="169" hits="0"/><line number="171" hits="0"/><line number="172" hits="0"/><line number="173" hits="0"/><line number="174" hits="0"/><line number="176" hits="0"/><line number="179" hits="0"/><line number="182" hits="0"/><line number="183" hits="0"/><line number="184" hits="0"/><line number="185" hits="0"/><line number="186" hits="0"/><line number="187" hits="0"/><line number="188" hits="0"/><line number="189" hits="0"/><line number="193" hits="0"/><line number="196" hits="0"/><line number="197" hits="0"/><line number="198" hits="0"/><line number="199" hits="0"/><line number="205" hits="0"/><line number="206" hits="0"/><line number="216" hits="0"/><line number="218" hits="0"/><line number="219" hits="0"/><line number="221" hits="0"/><line number="233" hits="0"/><line number="235" hits="0"/><line number="241" hits="0"/><line number="243" hits="0"/><line number="245" hits="0"/><line number="247" hits="0"/><line number="248" hits="0"/><line number="250" hits="0"/></lines></class><class name="error_context_test" filename="src\bin\error_context_test.rs" line-rate="0" branch-rate="0" complexity="0"><methods/><lines><line number="13" hits="0"/><line number="15" hits="0"/><line number="16" hits="0"/><line number="17" hits="0"/><line number="21" hits="0"/><line number="22" hits="0"/><line number="23" hits="0"/><line number="28" hits="0"/><line number="29" hits="0"/><line number="30" hits="0"/><line number="31" hits="0"/><line number="32" hits="0"/><line number="33" hits="0"/><line number="34" hits="0"/><line number="35" hits="0"/><line number="37" hits="0"/><line number="38" hits="0"/><line number="40" hits="0"/><line number="42" hits="0"/><line number="46" hits="0"/><line number="48" hits="0"/><line number="49" hits="0"/><line number="52" hits="0"/><line number="53" hits="0"/><line number="56" hits="0"/><line number="58" hits="0"/><line number="61" hits="0"/><line number="62" hits="0"/><line number="63" hits="0"/><line number="64" hits="0"/><line number="65" hits="0"/><line number="67" hits="0"/></lines></class><class name="min_ui_test" filename="src\bin\min_ui_test.rs" line-rate="0" branch-rate="0" complexity="0"><methods/><lines><line number="34" hits="0"/><line number="36" hits="0"/><line number="37" hits="0"/><line number="38" hits="0"/><line number="39" hits="0"/><line number="40" hits="0"/><line number="41" hits="0"/><line number="42" hits="0"/><line number="43" hits="0"/><line number="44" hits="0"/><line number="47" hits="0"/><line number="48" hits="0"/><line number="49" hits="0"/><line number="50" hits="0"/><line number="51" hits="0"/><line number="52" hits="0"/><line number="53" hits="0"/><line number="54" hits="0"/><line number="57" hits="0"/><line number="58" hits="0"/><line number="59" hits="0"/><line number="60" hits="0"/><line number="61" hits="0"/><line number="62" hits="0"/><line number="63" hits="0"/><line number="64" hits="0"/><line number="70" hits="0"/><line number="71" hits="0"/><line number="72" hits="0"/><line number="74" hits="0"/><line number="78" hits="0"/><line number="79" hits="0"/><line number="82" hits="0"/><line number="83" hits="0"/><line number="86" hits="0"/><line number="88" hits="0"/><line number="90" hits="0"/><line number="91" hits="0"/><line number="93" hits="0"/><line number="95" hits="0"/><line number="96" hits="0"/><line number="100" hits="0"/><line number="101" hits="0"/><line number="102" hits="0"/><line number="103" hits="0"/><line number="104" hits="0"/><line number="106" hits="0"/><line number="107" hits="0"/><line number="108" hits="0"/><line number="110" hits="0"/><line number="111" hits="0"/><line number="112" hits="0"/><line number="114" hits="0"/><line number="115" hits="0"/><line number="116" hits="0"/><line number="117" hits="0"/><line number="118" hits="0"/><line number="119" hits="0"/><line number="121" hits="0"/><line number="122" hits="0"/><line number="123" hits="0"/><line number="124" hits="0"/><line number="125" hits="0"/><line number="126" hits="0"/><line number="128" hits="0"/><line number="129" hits="0"/><line number="130" hits="0"/><line number="131" hits="0"/><line number="132" hits="0"/><line number="133" hits="0"/><line number="135" hits="0"/><line number="136" hits="0"/><line number="138" hits="0"/><line number="142" hits="0"/><line number="143" hits="0"/><line number="144" hits="0"/><line number="145" hits="0"/><line number="146" hits="0"/><line number="148" hits="0"/><line number="149" hits="0"/><line number="151" hits="0"/><line number="152" hits="0"/><line number="153" hits="0"/><line number="154" hits="0"/><line number="156" hits="0"/><line number="159" hits="0"/><line number="162" hits="0"/><line number="163" hits="0"/><line number="164" hits="0"/><line number="165" hits="0"/><line number="166" hits="0"/><line number="167" hits="0"/><line number="168" hits="0"/><line number="169" hits="0"/><line number="173" hits="0"/><line number="176" hits="0"/><line number="177" hits="0"/><line number="178" hits="0"/><line number="179" hits="0"/><line number="185" hits="0"/><line number="186" hits="0"/><line number="196" hits="0"/><line number="198" hits="0"/><line number="199" hits="0"/><line number="201" hits="0"/><line number="213" hits="0"/><line number="215" hits="0"/><line number="221" hits="0"/><line number="223" hits="0"/><line number="225" hits="0"/><line number="228" hits="0"/></lines></class><class name="standalone_airpods_test" filename="src\bin\standalone_airpods_test.rs" line-rate="0" branch-rate="0" complexity="0"><methods/><lines><line number="17" hits="0"/><line number="19" hits="0"/><line number="20" hits="0"/><line number="25" hits="0"/><line number="27" hits="0"/><line number="30" hits="0"/><line number="33" hits="0"/><line number="36" hits="0"/><line number="39" hits="0"/><line number="42" hits="0"/><line number="45" hits="0"/><line number="48" hits="0"/><line number="51" hits="0"/><line number="54" hits="0"/><line number="59" hits="0"/><line number="60" hits="0"/><line number="61" hits="0"/><line number="62" hits="0"/><line number="64" hits="0"/><line number="67" hits="0"/><line number="72" hits="0"/><line number="73" hits="0"/><line number="74" hits="0"/><line number="77" hits="0"/><line number="78" hits="0"/><line number="79" hits="0"/><line number="80" hits="0"/><line number="81" hits="0"/><line number="82" hits="0"/><line number="83" hits="0"/><line number="84" hits="0"/><line number="85" hits="0"/><line number="86" hits="0"/><line number="87" hits="0"/><line number="88" hits="0"/><line number="89" hits="0"/><line number="90" hits="0"/><line number="93" hits="0"/><line number="94" hits="0"/><line number="96" hits="0"/><line number="97" hits="0"/><line number="98" hits="0"/><line number="100" hits="0"/><line number="101" hits="0"/><line number="102" hits="0"/><line number="104" hits="0"/><line number="105" hits="0"/><line number="109" hits="0"/><line number="111" hits="0"/><line number="112" hits="0"/><line number="114" hits="0"/></lines></class><class name="test_ui_launcher" filename="src\bin\test_ui_launcher.rs" line-rate="0" branch-rate="0" complexity="0"><methods/><lines><line number="5" hits="0"/><line number="7" hits="0"/><line number="9" hits="0"/><line number="14" hits="0"/><line number="16" hits="0"/><line number="17" hits="0"/><line number="19" hits="0"/><line number="20" hits="0"/><line number="21" hits="0"/></lines></class><class name="ui_app" filename="src\bin\ui_app.rs" line-rate="0" branch-rate="0" complexity="0"><methods/><lines><line number="3" hits="0"/><line number="4" hits="0"/><line number="5" hits="0"/><line number="6" hits="0"/><line number="7" hits="0"/></lines></class></classes></package><package name="tests\bluetooth" line-rate="0" branch-rate="0" complexity="0"><classes></classes></package><package name="src\app" line-rate="0" branch-rate="0" complexity="0"><classes><class name="mod" filename="src\app\mod.rs" line-rate="0" branch-rate="0" complexity="0"><methods/><lines><line number="47" hits="0"/><line number="49" hits="0"/><line number="52" hits="0"/><line number="53" hits="0"/><line number="54" hits="0"/><line number="62" hits="0"/><line number="66" hits="0"/><line number="67" hits="0"/><line number="68" hits="0"/><line number="69" hits="0"/><line number="70" hits="0"/><line number="71" hits="0"/><line number="73" hits="0"/><line number="74" hits="0"/><line number="75" hits="0"/><line number="76" hits="0"/><line number="81" hits="0"/><line number="83" hits="0"/><line number="86" hits="0"/><line number="89" hits="0"/><line number="91" hits="0"/><line number="95" hits="0"/><line number="97" hits="0"/><line number="98" hits="0"/><line number="104" hits="0"/><line number="105" hits="0"/><line number="106" hits="0"/><line number="107" hits="0"/><line number="109" hits="0"/><line number="110" hits="0"/><line number="112" hits="0"/><line number="116" hits="0"/><line number="117" hits="0"/><line number="118" hits="0"/><line number="121" hits="0"/><line number="124" hits="0"/><line number="139" hits="0"/><line number="141" hits="0"/><line number="142" hits="0"/><line number="146" hits="0"/><line number="150" hits="0"/><line number="151" hits="0"/><line number="155" hits="0"/><line number="156" hits="0"/><line number="159" hits="0"/><line number="163" hits="0"/><line number="164" hits="0"/><line number="165" hits="0"/><line number="166" hits="0"/><line number="168" hits="0"/><line number="170" hits="0"/><line number="172" hits="0"/><line number="174" hits="0"/><line number="175" hits="0"/><line number="177" hits="0"/><line number="180" hits="0"/><line number="182" hits="0"/><line number="183" hits="0"/><line number="186" hits="0"/><line number="189" hits="0"/><line number="191" hits="0"/><line number="193" hits="0"/><line number="195" hits="0"/><line number="198" hits="0"/><line number="202" hits="0"/><line number="204" hits="0"/><line number="206" hits="0"/><line number="209" hits="0"/><line number="214" hits="0"/><line number="216" hits="0"/><line number="217" hits="0"/><line number="221" hits="0"/><line number="222" hits="0"/><line number="223" hits="0"/><line number="227" hits="0"/><line number="230" hits="0"/><line number="231" hits="0"/><line number="232" hits="0"/><line number="234" hits="0"/><line number="236" hits="0"/><line number="238" hits="0"/><line number="239" hits="0"/><line number="243" hits="0"/><line number="246" hits="0"/><line number="250" hits="0"/><line number="251" hits="0"/><line number="252" hits="0"/><line number="253" hits="0"/><line number="254" hits="0"/><line number="255" hits="0"/><line number="256" hits="0"/><line number="260" hits="0"/><line number="262" hits="0"/><line number="266" hits="0"/><line number="268" hits="0"/><line number="269" hits="0"/><line number="270" hits="0"/><line number="275" hits="0"/><line number="276" hits="0"/><line number="280" hits="0"/><line number="281" hits="0"/></lines></class></classes></package><package name="src\bluetooth" line-rate="0.13860252004581902" branch-rate="0" complexity="0"><classes><class name="adapter" filename="src\bluetooth\adapter.rs" line-rate="0.006329113924050633" branch-rate="0" complexity="0"><methods/><lines><line number="66" hits="288230376151711744"/><line number="67" hits="288230376151711744"/><line number="90" hits="0"/><line number="91" hits="0"/><line number="92" hits="0"/><line number="94" hits="0"/><line number="95" hits="0"/><line number="96" hits="0"/><line number="97" hits="0"/><line number="98" hits="0"/><line number="100" hits="0"/><line number="101" hits="0"/><line number="102" hits="0"/><line number="103" hits="0"/><line number="104" hits="0"/><line number="105" hits="0"/><line number="106" hits="0"/><line number="128" hits="0"/><line number="130" hits="0"/><line number="135" hits="0"/><line number="136" hits="0"/><line number="137" hits="0"/><line number="138" hits="0"/><line number="144" hits="0"/><line number="146" hits="0"/><line number="150" hits="0"/><line number="153" hits="0"/><line number="154" hits="0"/><line number="156" hits="0"/><line number="159" hits="0"/><line number="163" hits="0"/><line number="164" hits="0"/><line number="167" hits="0"/><line number="168" hits="0"/><line number="169" hits="0"/><line number="170" hits="0"/><line number="171" hits="0"/><line number="173" hits="0"/><line number="174" hits="0"/><line number="175" hits="0"/><line number="176" hits="0"/><line number="177" hits="0"/><line number="178" hits="0"/><line number="179" hits="0"/><line number="181" hits="0"/><line number="182" hits="0"/><line number="183" hits="0"/><line number="187" hits="0"/><line number="188" hits="0"/><line number="196" hits="0"/><line number="199" hits="0"/><line number="202" hits="0"/><line number="206" hits="0"/><line number="207" hits="0"/><line number="211" hits="0"/><line number="214" hits="0"/><line number="217" hits="0"/><line number="219" hits="0"/><line number="221" hits="0"/><line number="224" hits="0"/><line number="225" hits="0"/><line number="227" hits="0"/><line number="231" hits="0"/><line number="234" hits="0"/><line number="237" hits="0"/><line number="243" hits="0"/><line number="248" hits="0"/><line number="249" hits="0"/><line number="252" hits="0"/><line number="255" hits="0"/><line number="256" hits="0"/><line number="257" hits="0"/><line number="258" hits="0"/><line number="262" hits="0"/><line number="266" hits="0"/><line number="267" hits="0"/><line number="270" hits="0"/><line number="273" hits="0"/><line number="276" hits="0"/><line number="277" hits="0"/><line number="280" hits="0"/><line number="284" hits="0"/><line number="294" hits="0"/><line number="296" hits="0"/><line number="301" hits="0"/><line number="302" hits="0"/><line number="305" hits="0"/><line number="306" hits="0"/><line number="307" hits="0"/><line number="308" hits="0"/><line number="311" hits="0"/><line number="312" hits="0"/><line number="318" hits="0"/><line number="322" hits="0"/><line number="326" hits="0"/><line number="329" hits="0"/><line number="333" hits="0"/><line number="336" hits="0"/><line number="339" hits="0"/><line number="343" hits="0"/><line number="347" hits="0"/><line number="348" hits="0"/><line number="352" hits="0"/><line number="353" hits="0"/><line number="354" hits="0"/><line number="356" hits="0"/><line number="357" hits="0"/><line number="358" hits="0"/><line number="359" hits="0"/><line number="360" hits="0"/><line number="361" hits="0"/><line number="362" hits="0"/><line number="366" hits="0"/><line number="367" hits="0"/><line number="368" hits="0"/><line number="369" hits="0"/><line number="373" hits="0"/><line number="374" hits="0"/><line number="376" hits="0"/><line number="377" hits="0"/><line number="378" hits="0"/><line number="382" hits="0"/><line number="383" hits="0"/><line number="384" hits="0"/><line number="385" hits="0"/><line number="386" hits="0"/><line number="387" hits="0"/><line number="392" hits="0"/><line number="393" hits="0"/><line number="394" hits="0"/><line number="395" hits="0"/><line number="396" hits="0"/><line number="401" hits="0"/><line number="402" hits="0"/><line number="403" hits="0"/><line number="404" hits="0"/><line number="408" hits="0"/><line number="409" hits="0"/><line number="411" hits="0"/><line number="412" hits="0"/><line number="413" hits="0"/><line number="417" hits="0"/><line number="420" hits="0"/><line number="423" hits="0"/><line number="424" hits="0"/><line number="425" hits="0"/><line number="426" hits="0"/><line number="427" hits="0"/><line number="433" hits="0"/><line number="434" hits="0"/><line number="438" hits="0"/><line number="439" hits="0"/><line number="443" hits="0"/><line number="444" hits="0"/><line number="445" hits="0"/><line number="448" hits="0"/><line number="449" hits="0"/><line number="452" hits="0"/><line number="454" hits="0"/><line number="457" hits="0"/><line number="458" hits="0"/><line number="460" hits="0"/><line number="462" hits="0"/><line number="465" hits="0"/><line number="466" hits="0"/><line number="468" hits="0"/><line number="469" hits="0"/><line number="470" hits="0"/><line number="471" hits="0"/><line number="472" hits="0"/><line number="473" hits="0"/><line number="474" hits="0"/><line number="475" hits="0"/><line number="477" hits="0"/><line number="479" hits="0"/><line number="481" hits="0"/><line number="488" hits="0"/><line number="489" hits="0"/><line number="490" hits="0"/><line number="492" hits="0"/><line number="493" hits="0"/><line number="497" hits="0"/><line number="498" hits="0"/><line number="499" hits="0"/><line number="500" hits="0"/><line number="501" hits="0"/><line number="504" hits="0"/><line number="507" hits="0"/><line number="509" hits="0"/><line number="511" hits="0"/><line number="512" hits="0"/><line number="513" hits="0"/><line number="514" hits="0"/><line number="517" hits="0"/><line number="518" hits="0"/><line number="520" hits="0"/><line number="524" hits="0"/><line number="527" hits="0"/><line number="529" hits="0"/><line number="532" hits="0"/><line number="535" hits="0"/><line number="541" hits="0"/><line number="545" hits="0"/><line number="546" hits="0"/><line number="547" hits="0"/><line number="551" hits="0"/><line number="554" hits="0"/><line number="557" hits="0"/><line number="558" hits="0"/><line number="562" hits="0"/><line number="563" hits="0"/><line number="564" hits="0"/><line number="565" hits="0"/><line number="566" hits="0"/><line number="572" hits="0"/><line number="573" hits="0"/><line number="574" hits="0"/><line number="575" hits="0"/><line number="580" hits="0"/><line number="581" hits="0"/><line number="584" hits="0"/><line number="586" hits="0"/><line number="587" hits="0"/><line number="589" hits="0"/><line number="590" hits="0"/><line number="591" hits="0"/><line number="593" hits="0"/><line number="595" hits="0"/><line number="596" hits="0"/><line number="597" hits="0"/><line number="598" hits="0"/><line number="599" hits="0"/><line number="600" hits="0"/><line number="601" hits="0"/><line number="605" hits="0"/><line number="606" hits="0"/><line number="607" hits="0"/><line number="641" hits="0"/><line number="642" hits="0"/><line number="645" hits="0"/><line number="646" hits="0"/><line number="647" hits="0"/><line number="651" hits="0"/><line number="652" hits="0"/><line number="653" hits="0"/><line number="657" hits="0"/><line number="658" hits="0"/><line number="659" hits="0"/><line number="660" hits="0"/><line number="663" hits="0"/><line number="673" hits="0"/><line number="675" hits="0"/><line number="678" hits="0"/><line number="679" hits="0"/><line number="680" hits="0"/><line number="681" hits="0"/><line number="688" hits="0"/><line number="689" hits="0"/><line number="696" hits="0"/><line number="697" hits="0"/><line number="701" hits="0"/><line number="702" hits="0"/><line number="706" hits="0"/><line number="707" hits="0"/><line number="711" hits="0"/><line number="712" hits="0"/><line number="716" hits="0"/><line number="717" hits="0"/><line number="720" hits="0"/><line number="721" hits="0"/><line number="722" hits="0"/><line number="725" hits="0"/><line number="728" hits="0"/><line number="732" hits="0"/><line number="733" hits="0"/><line number="735" hits="0"/><line number="736" hits="0"/><line number="737" hits="0"/><line number="740" hits="0"/><line number="741" hits="0"/><line number="745" hits="0"/><line number="746" hits="0"/><line number="748" hits="0"/><line number="749" hits="0"/><line number="750" hits="0"/><line number="754" hits="0"/><line number="756" hits="0"/><line number="758" hits="0"/><line number="759" hits="0"/><line number="762" hits="0"/><line number="763" hits="0"/><line number="764" hits="0"/><line number="765" hits="0"/><line number="767" hits="0"/><line number="769" hits="0"/><line number="770" hits="0"/><line number="771" hits="0"/><line number="774" hits="0"/><line number="777" hits="0"/><line number="779" hits="0"/><line number="780" hits="0"/><line number="781" hits="0"/><line number="787" hits="0"/><line number="788" hits="0"/><line number="792" hits="0"/><line number="793" hits="0"/><line number="794" hits="0"/><line number="795" hits="0"/><line number="796" hits="0"/><line number="797" hits="0"/><line number="799" hits="0"/><line number="800" hits="0"/><line number="801" hits="0"/><line number="803" hits="0"/><line number="804" hits="0"/><line number="807" hits="0"/></lines></class><class name="airpods_bridge" filename="src\bluetooth\airpods_bridge.rs" line-rate="0" branch-rate="0" complexity="0"><methods/><lines><line number="26" hits="0"/><line number="27" hits="0"/><line number="28" hits="0"/><line number="29" hits="0"/><line number="31" hits="0"/><line number="32" hits="0"/><line number="33" hits="0"/><line number="35" hits="0"/><line number="36" hits="0"/><line number="37" hits="0"/><line number="38" hits="0"/><line number="39" hits="0"/><line number="40" hits="0"/><line number="42" hits="0"/><line number="43" hits="0"/><line number="44" hits="0"/><line number="45" hits="0"/><line number="46" hits="0"/><line number="50" hits="0"/><line number="51" hits="0"/><line number="52" hits="0"/><line number="53" hits="0"/><line number="55" hits="0"/><line number="56" hits="0"/><line number="57" hits="0"/><line number="59" hits="0"/><line number="60" hits="0"/><line number="61" hits="0"/><line number="62" hits="0"/><line number="63" hits="0"/><line number="64" hits="0"/><line number="66" hits="0"/><line number="67" hits="0"/><line number="68" hits="0"/><line number="69" hits="0"/><line number="70" hits="0"/></lines></class><class name="battery" filename="src\bluetooth\battery.rs" line-rate="0.3888888888888889" branch-rate="0" complexity="0"><methods/><lines><line number="24" hits="0"/><line number="29" hits="0"/><line number="30" hits="0"/><line number="32" hits="0"/><line number="38" hits="0"/><line number="47" hits="0"/><line number="49" hits="0"/><line number="50" hits="0"/><line number="51" hits="0"/><line number="57" hits="432345564227567616"/><line number="59" hits="432345564227567616"/><line number="60" hits="432345564227567616"/><line number="66" hits="576460752303423488"/><line number="67" hits="576460752303423488"/><line number="68" hits="576460752303423488"/><line number="70" hits="2305843009213693952"/><line number="71" hits="2305843009213693952"/><line number="72" hits="2305843009213693952"/><line number="73" hits="576460752303423488"/><line number="74" hits="1585267068834414592"/><line number="75" hits="1297036692682702848"/><line number="83" hits="7277816997830721536"/><line number="86" hits="7277816997830721536"/><line number="91" hits="576460752303423488"/><line number="92" hits="576460752303423488"/><line number="93" hits="576460752303423488"/><line number="97" hits="720575940379279360"/><line number="98" hits="1729382256910270464"/><line number="102" hits="576460752303423488"/><line number="103" hits="576460752303423488"/><line number="108" hits="0"/><line number="109" hits="0"/><line number="110" hits="0"/><line number="111" hits="0"/><line number="116" hits="0"/><line number="117" hits="0"/><line number="118" hits="0"/><line number="119" hits="0"/><line number="120" hits="0"/><line number="126" hits="0"/><line number="127" hits="0"/><line number="128" hits="0"/><line number="132" hits="0"/><line number="133" hits="0"/><line number="134" hits="0"/><line number="139" hits="0"/><line number="145" hits="0"/><line number="148" hits="0"/><line number="149" hits="0"/><line number="151" hits="0"/><line number="153" hits="0"/><line number="156" hits="0"/><line number="159" hits="0"/><line number="163" hits="0"/></lines></class><class name="battery_monitor" filename="src\bluetooth\battery_monitor.rs" line-rate="0.21568627450980393" branch-rate="0" complexity="0"><methods/><lines><line number="58" hits="432345564227567616"/><line number="66" hits="432345564227567616"/><line number="73" hits="0"/><line number="75" hits="0"/><line number="76" hits="0"/><line number="77" hits="0"/><line number="78" hits="0"/><line number="79" hits="0"/><line number="80" hits="0"/><line number="81" hits="0"/><line number="104" hits="576460752303423488"/><line number="106" hits="576460752303423488"/><line number="107" hits="576460752303423488"/><line number="108" hits="576460752303423488"/><line number="114" hits="288230376151711744"/><line number="116" hits="576460752303423488"/><line number="117" hits="0"/><line number="119" hits="0"/><line number="120" hits="0"/><line number="125" hits="576460752303423488"/><line number="126" hits="0"/><line number="128" hits="0"/><line number="129" hits="0"/><line number="134" hits="576460752303423488"/><line number="135" hits="0"/><line number="137" hits="0"/><line number="138" hits="0"/><line number="144" hits="288230376151711744"/><line number="145" hits="288230376151711744"/><line number="149" hits="288230376151711744"/><line number="150" hits="288230376151711744"/><line number="154" hits="288230376151711744"/><line number="155" hits="288230376151711744"/><line number="159" hits="864691128455135232"/><line number="160" hits="864691128455135232"/><line number="161" hits="432345564227567616"/><line number="164" hits="1297036692682702848"/><line number="165" hits="0"/><line number="170" hits="0"/><line number="171" hits="0"/><line number="172" hits="0"/><line number="173" hits="0"/><line number="177" hits="0"/><line number="180" hits="0"/><line number="189" hits="0"/><line number="198" hits="0"/><line number="208" hits="0"/><line number="236" hits="0"/><line number="237" hits="0"/><line number="243" hits="144115188075855872"/><line number="244" hits="144115188075855872"/><line number="248" hits="432345564227567616"/><line number="250" hits="432345564227567616"/><line number="251" hits="432345564227567616"/><line number="254" hits="432345564227567616"/><line number="260" hits="0"/><line number="270" hits="0"/><line number="273" hits="0"/><line number="276" hits="0"/><line number="278" hits="0"/><line number="280" hits="0"/><line number="282" hits="0"/><line number="285" hits="0"/><line number="287" hits="0"/><line number="288" hits="0"/><line number="292" hits="0"/><line number="294" hits="0"/><line number="296" hits="0"/><line number="299" hits="0"/><line number="301" hits="0"/><line number="303" hits="0"/><line number="306" hits="0"/><line number="309" hits="0"/><line number="311" hits="0"/><line number="312" hits="0"/><line number="313" hits="0"/><line number="315" hits="0"/><line number="318" hits="0"/><line number="319" hits="0"/><line number="325" hits="0"/><line number="327" hits="0"/><line number="329" hits="0"/><line number="330" hits="0"/><line number="331" hits="0"/><line number="335" hits="0"/><line number="336" hits="0"/><line number="339" hits="0"/><line number="342" hits="0"/><line number="348" hits="0"/><line number="349" hits="0"/><line number="350" hits="0"/><line number="354" hits="0"/><line number="355" hits="0"/><line number="358" hits="0"/><line number="361" hits="0"/><line number="366" hits="0"/><line number="372" hits="0"/><line number="374" hits="0"/><line number="375" hits="0"/><line number="376" hits="0"/><line number="378" hits="0"/><line number="381" hits="0"/><line number="382" hits="0"/><line number="388" hits="0"/><line number="390" hits="0"/><line number="392" hits="0"/><line number="393" hits="0"/><line number="394" hits="0"/><line number="398" hits="0"/><line number="399" hits="0"/><line number="402" hits="0"/><line number="405" hits="0"/><line number="411" hits="0"/><line number="412" hits="0"/><line number="413" hits="0"/><line number="417" hits="0"/><line number="418" hits="0"/><line number="421" hits="0"/><line number="424" hits="0"/><line number="429" hits="0"/><line number="438" hits="0"/><line number="444" hits="432345564227567616"/><line number="446" hits="1152921504606846976"/><line number="449" hits="1152921504606846976"/><line number="450" hits="1152921504606846976"/><line number="451" hits="1152921504606846976"/><line number="454" hits="432345564227567616"/><line number="456" hits="1152921504606846976"/><line number="460" hits="0"/><line number="462" hits="0"/><line number="465" hits="0"/><line number="467" hits="0"/><line number="470" hits="0"/><line number="472" hits="0"/><line number="475" hits="0"/><line number="478" hits="0"/><line number="479" hits="0"/><line number="481" hits="0"/><line number="482" hits="0"/><line number="484" hits="0"/><line number="487" hits="0"/><line number="491" hits="0"/><line number="496" hits="0"/><line number="500" hits="432345564227567616"/><line number="502" hits="432345564227567616"/><line number="505" hits="1297036692682702848"/><line number="506" hits="432345564227567616"/><line number="507" hits="0"/><line number="509" hits="0"/><line number="512" hits="0"/><line number="515" hits="1297036692682702848"/><line number="516" hits="432345564227567616"/><line number="517" hits="0"/><line number="519" hits="0"/><line number="522" hits="0"/><line number="525" hits="1297036692682702848"/><line number="526" hits="432345564227567616"/><line number="527" hits="0"/><line number="529" hits="0"/><line number="532" hits="0"/><line number="536" hits="864691128455135232"/><line number="537" hits="432345564227567616"/><line number="538" hits="0"/><line number="539" hits="0"/><line number="543" hits="1297036692682702848"/><line number="547" hits="0"/><line number="548" hits="0"/><line number="550" hits="0"/><line number="551" hits="0"/><line number="554" hits="0"/><line number="555" hits="0"/><line number="558" hits="0"/><line number="559" hits="0"/><line number="562" hits="0"/><line number="563" hits="0"/><line number="565" hits="0"/><line number="570" hits="0"/><line number="572" hits="0"/><line number="573" hits="0"/><line number="577" hits="0"/><line number="580" hits="0"/><line number="582" hits="0"/><line number="586" hits="0"/><line number="588" hits="0"/><line number="589" hits="0"/><line number="590" hits="0"/><line number="596" hits="0"/><line number="598" hits="0"/><line number="602" hits="0"/><line number="604" hits="0"/><line number="605" hits="0"/><line number="606" hits="0"/><line number="612" hits="0"/><line number="614" hits="0"/><line number="617" hits="0"/><line number="619" hits="0"/><line number="620" hits="0"/><line number="621" hits="0"/><line number="626" hits="0"/><line number="630" hits="0"/><line number="631" hits="0"/><line number="633" hits="0"/><line number="636" hits="0"/><line number="639" hits="0"/></lines></class><class name="cli_scanner" filename="src\bluetooth\cli_scanner.rs" line-rate="0.06285714285714286" branch-rate="0" complexity="0"><methods/><lines><line number="95" hits="144115188075855872"/><line number="97" hits="144115188075855872"/><line number="108" hits="0"/><line number="110" hits="0"/><line number="111" hits="0"/><line number="112" hits="0"/><line number="114" hits="0"/><line number="119" hits="0"/><line number="120" hits="0"/><line number="121" hits="0"/><line number="122" hits="0"/><line number="123" hits="0"/><line number="126" hits="0"/><line number="127" hits="0"/><line number="128" hits="0"
[...]
mber="641" hits="0"/><line number="642" hits="0"/><line number="644" hits="0"/><line number="648" hits="0"/><line number="650" hits="0"/><line number="651" hits="0"/><line number="652" hits="0"/><line number="655" hits="0"/><line number="656" hits="0"/><line number="660" hits="0"/><line number="663" hits="0"/><line number="664" hits="0"/><line number="668" hits="0"/><line number="669" hits="0"/><line number="670" hits="0"/><line number="671" hits="0"/><line number="673" hits="0"/><line number="675" hits="0"/><line number="677" hits="0"/><line number="679" hits="0"/><line number="680" hits="0"/><line number="681" hits="0"/><line number="682" hits="0"/><line number="692" hits="0"/></lines></class><class name="logging" filename="src\logging.rs" line-rate="0.4690265486725664" branch-rate="0" complexity="0"><methods/><lines><line number="37" hits="0"/><line number="70" hits="576460752303423488"/><line number="72" hits="576460752303423488"/><line number="73" hits="0"/><line number="77" hits="576460752303423488"/><line number="78" hits="0"/><line number="82" hits="576460752303423488"/><line number="83" hits="288230376151711744"/><line number="84" hits="288230376151711744"/><line number="88" hits="288230376151711744"/><line number="91" hits="576460752303423488"/><line number="92" hits="576460752303423488"/><line number="93" hits="288230376151711744"/><line number="97" hits="288230376151711744"/><line number="100" hits="576460752303423488"/><line number="101" hits="0"/><line number="102" hits="0"/><line number="103" hits="288230376151711744"/><line number="104" hits="0"/><line number="105" hits="0"/><line number="109" hits="288230376151711744"/><line number="110" hits="288230376151711744"/><line number="113" hits="288230376151711744"/><line number="115" hits="288230376151711744"/><line number="119" hits="288230376151711744"/><line number="121" hits="288230376151711744"/><line number="125" hits="288230376151711744"/><line number="126" hits="0"/><line number="130" hits="288230376151711744"/><line number="131" hits="0"/><line number="138" hits="0"/><line number="139" hits="0"/><line number="140" hits="0"/><line number="148" hits="144115188075855872"/><line number="154" hits="144115188075855872"/><line number="156" hits="288230376151711744"/><line number="158" hits="288230376151711744"/><line number="159" hits="0"/><line number="160" hits="0"/><line number="161" hits="0"/><line number="162" hits="144115188075855872"/><line number="163" hits="0"/><line number="167" hits="288230376151711744"/><line number="169" hits="0"/><line number="171" hits="0"/><line number="179" hits="0"/><line number="180" hits="0"/><line number="181" hits="0"/><line number="182" hits="0"/><line number="184" hits="0"/><line number="185" hits="0"/><line number="186" hits="0"/><line number="187" hits="0"/><line number="191" hits="144115188075855872"/><line number="201" hits="0"/><line number="206" hits="144115188075855872"/><line number="209" hits="288230376151711744"/><line number="210" hits="144115188075855872"/><line number="211" hits="0"/><line number="215" hits="144115188075855872"/><line number="219" hits="0"/><line number="220" hits="0"/><line number="221" hits="0"/><line number="226" hits="288230376151711743"/><line number="227" hits="576460752303423486"/><line number="229" hits="0"/><line number="233" hits="864691128455135229"/><line number="234" hits="18446744073709551615"/><line number="236" hits="864691128455135229"/><line number="237" hits="0"/><line number="239" hits="576460752303423486"/><line number="240" hits="0"/><line number="242" hits="576460752303423486"/><line number="243" hits="0"/><line number="245" hits="1152921504606846972"/><line number="246" hits="0"/><line number="249" hits="288230376151711743"/><line number="273" hits="0"/><line number="274" hits="0"/><line number="275" hits="0"/><line number="278" hits="0"/><line number="279" hits="0"/><line number="281" hits="0"/><line number="282" hits="0"/><line number="285" hits="0"/><line number="289" hits="0"/><line number="290" hits="0"/><line number="291" hits="0"/><line number="292" hits="0"/><line number="293" hits="0"/><line number="294" hits="0"/><line number="295" hits="0"/><line number="299" hits="0"/><line number="300" hits="0"/><line number="305" hits="0"/><line number="311" hits="0"/><line number="314" hits="0"/><line number="315" hits="0"/><line number="316" hits="0"/><line number="317" hits="0"/><line number="318" hits="0"/><line number="334" hits="288230376151711744"/><line number="336" hits="288230376151711744"/><line number="337" hits="288230376151711744"/><line number="338" hits="288230376151711744"/><line number="343" hits="144115188075855872"/><line number="344" hits="144115188075855872"/><line number="345" hits="144115188075855872"/><line number="346" hits="144115188075855872"/><line number="354" hits="144115188075855872"/><line number="355" hits="144115188075855872"/><line number="356" hits="144115188075855872"/><line number="357" hits="144115188075855872"/></lines></class><class name="main" filename="src\main.rs" line-rate="0" branch-rate="0" complexity="0"><methods/><lines><line number="59" hits="0"/><line number="61" hits="0"/><line number="64" hits="0"/><line number="65" hits="0"/><line number="66" hits="0"/><line number="67" hits="0"/><line number="68" hits="0"/><line number="69" hits="0"/><line number="74" hits="0"/><line number="75" hits="0"/><line number="76" hits="0"/><line number="77" hits="0"/><line number="78" hits="0"/><line number="83" hits="0"/><line number="86" hits="0"/><line number="87" hits="0"/><line number="91" hits="0"/><line number="92" hits="0"/><line number="94" hits="0"/><line number="95" hits="0"/><line number="99" hits="0"/><line number="100" hits="0"/><line number="103" hits="0"/><line number="104" hits="0"/><line number="108" hits="0"/><line number="111" hits="0"/><line number="112" hits="0"/><line number="113" hits="0"/><line number="115" hits="0"/><line number="116" hits="0"/><line number="117" hits="0"/><line number="119" hits="0"/><line number="123" hits="0"/><line number="124" hits="0"/><line number="125" hits="0"/><line number="126" hits="0"/><line number="127" hits="0"/><line number="128" hits="0"/><line number="133" hits="0"/><line number="134" hits="0"/><line number="138" hits="0"/><line number="140" hits="0"/><line number="144" hits="0"/><line number="145" hits="0"/><line number="146" hits="0"/><line number="147" hits="0"/><line number="149" hits="0"/><line number="151" hits="0"/><line number="152" hits="0"/><line number="153" hits="0"/><line number="154" hits="0"/><line number="155" hits="0"/><line number="160" hits="0"/><line number="162" hits="0"/><line number="163" hits="0"/><line number="166" hits="0"/><line number="167" hits="0"/><line number="169" hits="0"/><line number="170" hits="0"/><line number="171" hits="0"/><line number="173" hits="0"/><line number="179" hits="0"/><line number="185" hits="0"/><line number="188" hits="0"/><line number="191" hits="0"/><line number="194" hits="0"/><line number="197" hits="0"/><line number="200" hits="0"/><line number="201" hits="0"/><line number="202" hits="0"/><line number="206" hits="0"/><line number="207" hits="0"/><line number="209" hits="0"/><line number="210" hits="0"/><line number="211" hits="0"/><line number="212" hits="0"/><line number="214" hits="0"/><line number="215" hits="0"/><line number="216" hits="0"/><line number="218" hits="0"/><line number="220" hits="0"/><line number="221" hits="0"/><line number="222" hits="0"/><line number="223" hits="0"/><line number="224" hits="0"/><line number="225" hits="0"/><line number="226" hits="0"/><line number="227" hits="0"/><line number="228" hits="0"/><line number="232" hits="0"/><line number="233" hits="0"/><line number="234" hits="0"/><line number="235" hits="0"/><line number="238" hits="0"/><line number="239" hits="0"/><line number="240" hits="0"/><line number="241" hits="0"/><line number="242" hits="0"/><line number="243" hits="0"/><line number="244" hits="0"/><line number="245" hits="0"/><line number="246" hits="0"/><line number="249" hits="0"/><line number="250" hits="0"/><line number="251" hits="0"/><line number="253" hits="0"/><line number="257" hits="0"/><line number="261" hits="0"/><line number="262" hits="0"/><line number="263" hits="0"/><line number="264" hits="0"/><line number="265" hits="0"/><line number="266" hits="0"/><line number="270" hits="0"/><line number="271" hits="0"/><line number="272" hits="0"/><line number="273" hits="0"/><line number="277" hits="0"/><line number="278" hits="0"/><line number="279" hits="0"/><line number="280" hits="0"/><line number="281" hits="0"/><line number="285" hits="0"/><line number="291" hits="0"/><line number="293" hits="0"/><line number="294" hits="0"/><line number="295" hits="0"/><line number="296" hits="0"/><line number="300" hits="0"/><line number="301" hits="0"/><line number="302" hits="0"/><line number="303" hits="0"/><line number="307" hits="0"/><line number="308" hits="0"/><line number="309" hits="0"/><line number="310" hits="0"/><line number="314" hits="0"/><line number="315" hits="0"/><line number="316" hits="0"/><line number="317" hits="0"/><line number="320" hits="0"/><line number="321" hits="0"/><line number="322" hits="0"/><line number="325" hits="0"/><line number="326" hits="0"/><line number="327" hits="0"/><line number="328" hits="0"/><line number="337" hits="0"/><line number="341" hits="0"/><line number="346" hits="0"/><line number="347" hits="0"/><line number="348" hits="0"/><line number="351" hits="0"/><line number="354" hits="0"/><line number="357" hits="0"/><line number="358" hits="0"/><line number="359" hits="0"/><line number="363" hits="0"/><line number="364" hits="0"/><line number="365" hits="0"/><line number="369" hits="0"/><line number="370" hits="0"/><line number="371" hits="0"/><line number="372" hits="0"/><line number="373" hits="0"/><line number="374" hits="0"/><line number="377" hits="0"/><line number="378" hits="0"/><line number="379" hits="0"/><line number="380" hits="0"/><line number="381" hits="0"/><line number="382" hits="0"/><line number="383" hits="0"/><line number="384" hits="0"/><line number="386" hits="0"/><line number="387" hits="0"/><line number="392" hits="0"/><line number="393" hits="0"/><line number="394" hits="0"/><line number="395" hits="0"/><line number="399" hits="0"/><line number="403" hits="0"/><line number="411" hits="0"/><line number="412" hits="0"/><line number="415" hits="0"/><line number="418" hits="0"/><line number="421" hits="0"/><line number="422" hits="0"/><line number="423" hits="0"/><line number="424" hits="0"/><line number="425" hits="0"/><line number="429" hits="0"/><line number="433" hits="0"/><line number="434" hits="0"/><line number="435" hits="0"/><line number="436" hits="0"/><line number="437" hits="0"/><line number="438" hits="0"/><line number="439" hits="0"/><line number="440" hits="0"/><line number="441" hits="0"/><line number="442" hits="0"/><line number="443" hits="0"/><line number="446" hits="0"/><line number="447" hits="0"/><line number="450" hits="0"/><line number="451" hits="0"/><line number="452" hits="0"/><line number="453" hits="0"/><line number="455" hits="0"/><line number="456" hits="0"/><line number="457" hits="0"/><line number="458" hits="0"/><line number="459" hits="0"/><line number="460" hits="0"/><line number="461" hits="0"/><line number="462" hits="0"/><line number="463" hits="0"/><line number="464" hits="0"/><line number="465" hits="0"/><line number="467" hits="0"/><line number="468" hits="0"/><line number="469" hits="0"/><line number="470" hits="0"/><line number="471" hits="0"/><line number="472" hits="0"/><line number="474" hits="0"/><line number="475" hits="0"/><line number="476" hits="0"/><line number="477" hits="0"/><line number="478" hits="0"/><line number="479" hits="0"/><line number="480" hits="0"/><line number="482" hits="0"/><line number="483" hits="0"/><line number="484" hits="0"/><line number="485" hits="0"/><line number="486" hits="0"/><line number="487" hits="0"/><line number="491" hits="0"/><line number="493" hits="0"/><line number="494" hits="0"/><line number="495" hits="0"/><line number="499" hits="0"/><line number="500" hits="0"/><line number="501" hits="0"/><line number="502" hits="0"/><line number="503" hits="0"/><line number="504" hits="0"/><line number="508" hits="0"/><line number="509" hits="0"/><line number="511" hits="0"/><line number="514" hits="0"/><line number="515" hits="0"/><line number="519" hits="0"/><line number="522" hits="0"/><line number="523" hits="0"/><line number="526" hits="0"/><line number="527" hits="0"/><line number="530" hits="0"/><line number="531" hits="0"/><line number="532" hits="0"/><line number="533" hits="0"/><line number="534" hits="0"/><line number="535" hits="0"/><line number="536" hits="0"/><line number="537" hits="0"/><line number="540" hits="0"/><line number="541" hits="0"/><line number="542" hits="0"/><line number="543" hits="0"/></lines></class><class name="state_persistence" filename="src\state_persistence.rs" line-rate="0" branch-rate="0" complexity="0"><methods/><lines><line number="77" hits="0"/><line number="78" hits="0"/><line number="79" hits="0"/><line number="83" hits="0"/><line number="89" hits="0"/><line number="90" hits="0"/><line number="94" hits="0"/><line number="95" hits="0"/><line number="98" hits="0"/><line number="99" hits="0"/><line number="100" hits="0"/><line number="104" hits="0"/><line number="105" hits="0"/><line number="106" hits="0"/><line number="107" hits="0"/><line number="108" hits="0"/><line number="109" hits="0"/><line number="111" hits="0"/><line number="112" hits="0"/><line number="113" hits="0"/><line number="114" hits="0"/><line number="115" hits="0"/><line number="119" hits="0"/><line number="120" hits="0"/><line number="123" hits="0"/><line number="124" hits="0"/><line number="127" hits="0"/><line number="129" hits="0"/><line number="130" hits="0"/><line number="134" hits="0"/><line number="135" hits="0"/><line number="138" hits="0"/><line number="139" hits="0"/><line number="143" hits="0"/><line number="144" hits="0"/><line number="147" hits="0"/><line number="148" hits="0"/><line number="150" hits="0"/><line number="151" hits="0"/><line number="155" hits="0"/><line number="156" hits="0"/><line number="159" hits="0"/><line number="160" hits="0"/><line number="163" hits="0"/><line number="164" hits="0"/><line number="165" hits="0"/><line number="169" hits="0"/><line number="170" hits="0"/><line number="173" hits="0"/><line number="174" hits="0"/><line number="175" hits="0"/><line number="179" hits="0"/><line number="181" hits="0"/><line number="182" hits="0"/><line number="184" hits="0"/><line number="185" hits="0"/><line number="189" hits="0"/><line number="190" hits="0"/><line number="194" hits="0"/><line number="195" hits="0"/><line number="196" hits="0"/><line number="197" hits="0"/><line number="199" hits="0"/><line number="202" hits="0"/><line number="206" hits="0"/><line number="207" hits="0"/><line number="208" hits="0"/><line number="212" hits="0"/><line number="213" hits="0"/><line number="214" hits="0"/><line number="216" hits="0"/><line number="219" hits="0"/><line number="220" hits="0"/><line number="221" hits="0"/><line number="224" hits="0"/></lines></class><class name="telemetry" filename="src\telemetry.rs" line-rate="0" branch-rate="0" complexity="0"><methods/><lines><line number="94" hits="0"/><line number="96" hits="0"/><line number="99" hits="0"/><line number="101" hits="0"/><line number="102" hits="0"/><line number="103" hits="0"/><line number="104" hits="0"/><line number="106" hits="0"/><line number="107" hits="0"/><line number="112" hits="0"/><line number="114" hits="0"/><line number="115" hits="0"/><line number="118" hits="0"/><line number="121" hits="0"/><line number="122" hits="0"/><line number="123" hits="0"/><line number="128" hits="0"/><line number="131" hits="0"/><line number="132" hits="0"/><line number="135" hits="0"/><line number="139" hits="0"/><line number="140" hits="0"/><line number="144" hits="0"/><line number="145" hits="0"/><line number="146" hits="0"/><line number="150" hits="0"/><line number="151" hits="0"/><line number="152" hits="0"/><line number="153" hits="0"/><line number="155" hits="0"/><line number="156" hits="0"/><line number="157" hits="0"/><line number="159" hits="0"/><line number="162" hits="0"/><line number="163" hits="0"/><line number="165" hits="0"/><line number="166" hits="0"/><line number="173" hits="0"/><line number="174" hits="0"/><line number="175" hits="0"/><line number="179" hits="0"/><line number="180" hits="0"/><line number="181" hits="0"/><line number="182" hits="0"/><line number="183" hits="0"/><line number="184" hits="0"/><line number="185" hits="0"/><line number="186" hits="0"/><line number="187" hits="0"/><line number="188" hits="0"/><line number="189" hits="0"/><line number="190" hits="0"/><line number="191" hits="0"/><line number="192" hits="0"/><line number="193" hits="0"/><line number="194" hits="0"/><line number="195" hits="0"/><line number="196" hits="0"/><line number="197" hits="0"/><line number="198" hits="0"/><line number="199" hits="0"/><line number="200" hits="0"/><line number="201" hits="0"/><line number="202" hits="0"/><line number="203" hits="0"/><line number="204" hits="0"/><line number="205" hits="0"/><line number="206" hits="0"/><line number="210" hits="0"/><line number="211" hits="0"/><line number="212" hits="0"/><line number="213" hits="0"/><line number="214" hits="0"/><line number="215" hits="0"/><line number="219" hits="0"/><line number="220" hits="0"/><line number="224" hits="0"/><line number="225" hits="0"/><line number="226" hits="0"/><line number="227" hits="0"/><line number="228" hits="0"/><line number="229" hits="0"/><line number="230" hits="0"/><line number="234" hits="0"/><line number="235" hits="0"/><line number="239" hits="0"/><line number="240" hits="0"/><line number="241" hits="0"/><line number="242" hits="0"/><line number="243" hits="0"/><line number="244" hits="0"/><line number="245" hits="0"/><line number="249" hits="0"/><line number="250" hits="0"/><line number="257" hits="0"/><line number="258" hits="0"/><line number="259" hits="0"/><line number="263" hits="0"/><line number="267" hits="0"/><line number="268" hits="0"/><line number="269" hits="0"/><line number="273" hits="0"/><line number="276" hits="0"/><line number="279" hits="0"/><line number="282" hits="0"/><line number="284" hits="0"/><line number="286" hits="0"/><line number="289" hits="0"/><line number="293" hits="0"/><line number="294" hits="0"/><line number="295" hits="0"/><line number="297" hits="0"/><line number="301" hits="0"/><line number="302" hits="0"/><line number="303" hits="0"/><line number="304" hits="0"/><line number="305" hits="0"/><line number="307" hits="0"/><line number="312" hits="0"/><line number="313" hits="0"/><line number="314" hits="0"/><line number="317" hits="0"/><line number="318" hits="0"/><line number="323" hits="0"/><line number="325" hits="0"/><line number="326" hits="0"/><line number="327" hits="0"/><line number="334" hits="0"/><line number="335" hits="0"/><line number="339" hits="0"/><line number="340" hits="0"/><line number="341" hits="0"/><line number="344" hits="0"/><line number="348" hits="0"/><line number="350" hits="0"/><line number="361" hits="0"/><line number="362" hits="0"/><line number="412" hits="0"/><line number="413" hits="0"/><line number="416" hits="0"/><line number="417" hits="0"/><line number="420" hits="0"/></lines></class></classes></package><package name="tests\event_system.disabled" line-rate="0" branch-rate="0" complexity="0"><classes></classes></package><package name="" line-rate="0.17370356282490174" branch-rate="0" complexity="0"><classes></classes></package><package name="tests\ui" line-rate="0" branch-rate="0" complexity="0"><classes></classes></package><package name="tests\airpods" line-rate="0" branch-rate="0" complexity="0"><classes></classes></package></packages></coverage>